<?xml version="1.0" encoding="UTF-8"?>
<!-- Generated by org.testng.reporters.JUnitReportReporter -->
<testsuite hostname="WINDOWS-UNR7VLH" failures="0" tests="2" name="marchbatch.demo" time="0.048" errors="0" timestamp="2023-03-24T11:07:45 IST" skipped="0">
  <testcase classname="marchbatch.demo" name="f" time="0.007"/>
  <system-out/>
  <testcase classname="marchbatch.demo" name="f" time="0.041"/>
  <system-out/>
</testsuite> <!-- marchbatch.demo -->
