<?xml version="1.0" encoding="UTF-8"?>
<!-- Generated by org.testng.reporters.JUnitReportReporter -->
<testsuite hostname="WINDOWS-UNR7VLH" failures="0" tests="1" name="marchbatch.lab3" time="14.831" errors="0" timestamp="2023-03-24T12:49:37 IST" skipped="0">
  <testcase classname="marchbatch.lab3" name="testcase" time="14.831"/>
  <system-out/>
</testsuite> <!-- marchbatch.lab3 -->
